examples/triangle/build/intermediates/manifest_merge_blame_file/debug/manifest-merger-blame-debug-report.txt
1<?xml version="1.0" encoding="utf-8"?>
2<manifest xmlns:android="http://schemas.android.com/apk/res/android"
3    package="io.github.inoutch.kotlin.gl.example.triangle.debug"
4    android:versionCode="1"
5    android:versionName="1.0" >
6
7    <uses-sdk
8        android:minSdkVersion="24"
8-->src/main/AndroidManifest.xml
9        android:targetSdkVersion="26" />
9-->src/main/AndroidManifest.xml
10
11    <application
11-->src/main/AndroidManifest.xml:6:5-15:19
12        android:allowBackup="false"
12-->src/main/AndroidManifest.xml:8:18-45
13        android:debuggable="true"
14        android:label="kotlin-gl-example-triangle"
14-->src/main/AndroidManifest.xml:7:18-60
15        android:theme="@android:style/Theme.Black.NoTitleBar.Fullscreen" >
15-->src/main/AndroidManifest.xml:6:18-82
16        <activity android:name="io.github.inoutch.kotlin.gl.example.triangle.MainActivity" >
16-->src/main/AndroidManifest.xml:9:9-14:20
16-->src/main/AndroidManifest.xml:9:19-47
17            <intent-filter>
17-->src/main/AndroidManifest.xml:10:13-13:29
18                <action android:name="android.intent.action.MAIN" />
18-->src/main/AndroidManifest.xml:11:17-68
18-->src/main/AndroidManifest.xml:11:25-66
19
20                <category android:name="android.intent.category.LAUNCHER" />
20-->src/main/AndroidManifest.xml:12:17-76
20-->src/main/AndroidManifest.xml:12:27-74
21            </intent-filter>
22        </activity>
23    </application>
24
25</manifest>